<?xml version="1.0" encoding="UTF-8"?>
<testsuite xmlns:xsi="http://www.w3.org/2001/XMLSchema-instance" xsi:noNamespaceSchemaLocation="https://maven.apache.org/surefire/maven-surefire-plugin/xsd/surefire-test-report.xsd" name="edu.fa.AppTest" time="0.161" tests="17" errors="0" skipped="0" failures="0">
  <properties>
[...]
</properties>
  <testcase name="testTimeout" classname="edu.fa.AppTest" time="0.019"/>
  <testcase name="testAll{int, boolean, String}[1]" classname="edu.fa.AppTest" time="0.027"/>
  <testcase name="testAll{int, boolean, String}[2]" classname="edu.fa.AppTest" time="0.001"/>
  <testcase name="testAll{int, boolean, String}[3]" classname="edu.fa.AppTest" time="0.001"/>
  <testcase name="testTrue{int}[1]" classname="edu.fa.AppTest" time="0.001"/>
  <testcase name="testTrue{int}[2]" classname="edu.fa.AppTest" time="0.001"/>
  <testcase name="testTrue{int}[3]" classname="edu.fa.AppTest" time="0.001"/>
  <testcase name="testTrue{int}[4]" classname="edu.fa.AppTest" time="0.001"/>
  <testcase name="testTrue{int}[5]" classname="edu.fa.AppTest" time="0.001"/>
  <testcase name="testNTException" classname="edu.fa.AppTest" time="0.001"/>
  <testcase name="testInFile{int, boolean, String}[1]" classname="edu.fa.AppTest" time="0.001"/>
  <testcase name="testInFile{int, boolean, String}[2]" classname="edu.fa.AppTest" time="0"/>
  <testcase name="testInFile{int, boolean, String}[3]" classname="edu.fa.AppTest" time="0.001"/>
  <testcase name="testInFile{int, boolean, String}[4]" classname="edu.fa.AppTest" time="0.001"/>
  <testcase name="testInFile{int, boolean, String}[5]" classname="edu.fa.AppTest" time="0.001"/>
  <testcase name="testInFile{int, boolean, String}[6]" classname="edu.fa.AppTest" time="0.001"/>
  <testcase name="testNTChan" classname="edu.fa.AppTest" time="0"/>
</testsuite>